<?xml version="1.0" encoding="UTF-8"?><testsuite errors="0" failures="0" name="com.bestbuyserinity.Bestbuyinfo.StoreCurdTest" skipped="0" tests="4" time="4.14" timestamp="2023-02-28T17:07:59.593-05:00[America/New_York]"><testcase classname="com.bestbuyserinity.Bestbuyinfo.StoreCurdTest" name="This will create a new store"/><testcase classname="com.bestbuyserinity.Bestbuyinfo.StoreCurdTest" name="Verify if store was created"/><testcase classname="com.bestbuyserinity.Bestbuyinfo.StoreCurdTest" name="Update the store and verify the updated information"/><testcase classname="com.bestbuyserinity.Bestbuyinfo.StoreCurdTest" name="Delete the store and verify if the store is deleted"/></testsuite>