<?xml version="1.0" encoding="UTF-8"?><testsuite errors="0" failures="0" name="com.bestbuyserinity.Bestbuyinfo.ProductCurdTest" skipped="0" tests="5" time="4.57" timestamp="2023-02-28T16:56:06.207-05:00[America/New_York]"><testcase classname="com.bestbuyserinity.Bestbuyinfo.ProductCurdTest" name="Test001"/><testcase classname="com.bestbuyserinity.Bestbuyinfo.ProductCurdTest" name="Test002"/><testcase classname="com.bestbuyserinity.Bestbuyinfo.ProductCurdTest" name="Verify if product was created"/><testcase classname="com.bestbuyserinity.Bestbuyinfo.ProductCurdTest" name="update the product and verify the update information"/><testcase classname="com.bestbuyserinity.Bestbuyinfo.ProductCurdTest" name="Delete the student and verify if the student is deleted"/></testsuite>