<?xml version="1.0" encoding="UTF-8"?><testsuite errors="0" failures="0" name="com.bestbuyserinity.Bestbuyinfo.CatrgoriesCurdTest" skipped="0" tests="4" time="4.58" timestamp="2023-02-28T17:17:24.405-05:00[America/New_York]"><testcase classname="com.bestbuyserinity.Bestbuyinfo.CatrgoriesCurdTest" name="Create a new Category"/><testcase classname="com.bestbuyserinity.Bestbuyinfo.CatrgoriesCurdTest" name="Verify if Category was created"/><testcase classname="com.bestbuyserinity.Bestbuyinfo.CatrgoriesCurdTest" name="Update the Category and verify the updated information"/><testcase classname="com.bestbuyserinity.Bestbuyinfo.CatrgoriesCurdTest" name="Delete product Data"/></testsuite>