<?xml version="1.0" encoding="UTF-8"?><testsuite errors="0" failures="0" name="com.bestbuyserinity.Bestbuyinfo.ServiceCurdTestwithSteps" skipped="0" tests="4" time="5.14" timestamp="2023-02-28T20:21:09.782-05:00[America/New_York]"><testcase classname="com.bestbuyserinity.Bestbuyinfo.ServiceCurdTestwithSteps" name="This will create a new service"/><testcase classname="com.bestbuyserinity.Bestbuyinfo.ServiceCurdTestwithSteps" name="verify if service is created"/><testcase classname="com.bestbuyserinity.Bestbuyinfo.ServiceCurdTestwithSteps" name="update the user information"/><testcase classname="com.bestbuyserinity.Bestbuyinfo.ServiceCurdTestwithSteps" name="Delete category info by categopryID and verify its deleted"/></testsuite>