<?xml version="1.0" encoding="UTF-8"?><testsuite errors="0" failures="0" name="com.bestbuyserinity.Bestbuyinfo.categoriesCurdtestwithsteps" skipped="0" tests="4" time="3.93" timestamp="2023-02-28T20:04:22.895-05:00[America/New_York]"><testcase classname="com.bestbuyserinity.Bestbuyinfo.categoriesCurdtestwithsteps" name="This will create a new category"/><testcase classname="com.bestbuyserinity.Bestbuyinfo.categoriesCurdtestwithsteps" name="verify if category is created"/><testcase classname="com.bestbuyserinity.Bestbuyinfo.categoriesCurdtestwithsteps" name="update the user information"/><testcase classname="com.bestbuyserinity.Bestbuyinfo.categoriesCurdtestwithsteps" name="Delete category info by categopryID and verify its deleted"/></testsuite>