<?xml version="1.0" encoding="UTF-8"?><testsuite errors="0" failures="0" name="com.bestbuyserinity.Bestbuyinfo.StoreCurdTestwithSteps" skipped="0" tests="4" time="4.45" timestamp="2023-02-28T18:40:58.909-05:00[America/New_York]"><testcase classname="com.bestbuyserinity.Bestbuyinfo.StoreCurdTestwithSteps" name=" create a new store"/><testcase classname="com.bestbuyserinity.Bestbuyinfo.StoreCurdTestwithSteps" name="verify if store is created"/><testcase classname="com.bestbuyserinity.Bestbuyinfo.StoreCurdTestwithSteps" name="update the store information"/><testcase classname="com.bestbuyserinity.Bestbuyinfo.StoreCurdTestwithSteps" name="Delete store info by StoreID and verify its deleted"/></testsuite>