<?xml version="1.0" encoding="UTF-8"?><testsuite errors="0" failures="0" name="com.bestbuyserinity.Bestbuyinfo.serviceCurdTest" skipped="0" tests="4" time="4.08" timestamp="2023-02-28T17:21:46.767-05:00[America/New_York]"><testcase classname="com.bestbuyserinity.Bestbuyinfo.serviceCurdTest" name="Create a new Category"/><testcase classname="com.bestbuyserinity.Bestbuyinfo.serviceCurdTest" name="Verify if Category was created"/><testcase classname="com.bestbuyserinity.Bestbuyinfo.serviceCurdTest" name="Update the Category and verify the updated information"/><testcase classname="com.bestbuyserinity.Bestbuyinfo.serviceCurdTest" name="Delete product Data"/></testsuite>