<?xml version="1.0" encoding="UTF-8"?><testsuite errors="0" failures="0" name="com.bestbuyserinity.Bestbuyinfo.ProductCurdTestWithsteps" skipped="0" tests="4" time="4.38" timestamp="2023-02-28T17:58:21.043-05:00[America/New_York]"><testcase classname="com.bestbuyserinity.Bestbuyinfo.ProductCurdTestWithsteps" name="create a new product"/><testcase classname="com.bestbuyserinity.Bestbuyinfo.ProductCurdTestWithsteps" name="verify if product is created"/><testcase classname="com.bestbuyserinity.Bestbuyinfo.ProductCurdTestWithsteps" name="update the product information"/><testcase classname="com.bestbuyserinity.Bestbuyinfo.ProductCurdTestWithsteps" name="Delete product info by productID and verify its deleted"/></testsuite>